f:\svn\noahmazard\perso\fevrier\projet\x64\release\basesfml.ipdb
f:\svn\noahmazard\perso\fevrier\projet\x64\release\basesfml.iobj
f:\svn\noahmazard\perso\fevrier\projet\basesfml\x64\release\vc142.pdb
f:\svn\noahmazard\perso\fevrier\projet\basesfml\x64\release\update.obj
f:\svn\noahmazard\perso\fevrier\projet\basesfml\x64\release\tower.obj
f:\svn\noahmazard\perso\fevrier\projet\basesfml\x64\release\sfmltools.obj
f:\svn\noahmazard\perso\fevrier\projet\basesfml\x64\release\player.obj
f:\svn\noahmazard\perso\fevrier\projet\basesfml\x64\release\minimap.obj
f:\svn\noahmazard\perso\fevrier\projet\basesfml\x64\release\mymath.obj
f:\svn\noahmazard\perso\fevrier\projet\basesfml\x64\release\main.obj
f:\svn\noahmazard\perso\fevrier\projet\basesfml\x64\release\inputs.obj
f:\svn\noahmazard\perso\fevrier\projet\basesfml\x64\release\init.obj
f:\svn\noahmazard\perso\fevrier\projet\basesfml\x64\release\display.obj
f:\svn\noahmazard\perso\fevrier\projet\basesfml\x64\release\camera.obj
f:\svn\noahmazard\perso\fevrier\projet\basesfml\x64\release\building.obj
f:\svn\noahmazard\perso\fevrier\projet\x64\release\basesfml.exe
f:\svn\noahmazard\perso\fevrier\projet\x64\release\basesfml.pdb
f:\svn\noahmazard\perso\fevrier\projet\basesfml\x64\release\basesfml.tlog\basesfml.write.1u.tlog
f:\svn\noahmazard\perso\fevrier\projet\basesfml\x64\release\basesfml.tlog\cl.command.1.tlog
f:\svn\noahmazard\perso\fevrier\projet\basesfml\x64\release\basesfml.tlog\cl.read.1.tlog
f:\svn\noahmazard\perso\fevrier\projet\basesfml\x64\release\basesfml.tlog\cl.write.1.tlog
f:\svn\noahmazard\perso\fevrier\projet\basesfml\x64\release\basesfml.tlog\link.command.1.tlog
f:\svn\noahmazard\perso\fevrier\projet\basesfml\x64\release\basesfml.tlog\link.read.1.tlog
f:\svn\noahmazard\perso\fevrier\projet\basesfml\x64\release\basesfml.tlog\link.write.1.tlog
